<?xml version="1.0" encoding="UTF-8"?>
<!-- Generated by org.testng.reporters.JUnitReportReporter -->
<testsuite skipped="0" hostname="DESKTOP-TSGD6I3" name="KurtGeiger.AppTest" tests="1" failures="0" timestamp="2020-01-03T11:25:44 GMT" time="0.004" errors="0">
  <testcase name="shouldAnswerWithTrue" time="0.004" classname="KurtGeiger.AppTest"/>
</testsuite> <!-- KurtGeiger.AppTest -->
