<?xml version="1.0" encoding="UTF-8"?>
<!-- Generated by org.testng.reporters.JUnitReportReporter -->
<testsuite skipped="0" hostname="DESKTOP-TSGD6I3" name="KurtGeiger.MainPage" tests="1" failures="0" timestamp="2020-01-06T05:47:07 GMT" time="0.001" errors="0">
  <testcase name="HomePageLanding" time="0.001" classname="KurtGeiger.MainPage"/>
</testsuite> <!-- KurtGeiger.MainPage -->
